<?xml version="1.0" encoding="UTF-8"?>
<testng-results ignored="0" total="1" passed="1" failed="0" skipped="0">
  <reporter-output>
  </reporter-output>
  <suite started-at="2022-04-06T14:01:07 IST" name="Default suite" finished-at="2022-04-06T14:01:11 IST" duration-ms="3923">
    <groups>
    </groups>
    <test started-at="2022-04-06T14:01:07 IST" name="Default test" finished-at="2022-04-06T14:01:11 IST" duration-ms="3923">
      <class name="com.tests.BuilderPatternDemoTest2">
        <test-method signature="postJsonUsingBuilderTest()[pri:0, instance:com.tests.BuilderPatternDemoTest2@cad498c]" started-at="2022-04-06T14:01:07 IST" name="postJsonUsingBuilderTest" finished-at="2022-04-06T14:01:11 IST" duration-ms="3887" status="PASS">
          <reporter-output>
          </reporter-output>
        </test-method> <!-- postJsonUsingBuilderTest -->
      </class> <!-- com.tests.BuilderPatternDemoTest2 -->
    </test> <!-- Default test -->
  </suite> <!-- Default suite -->
</testng-results>
